<?xml version="1.0" encoding="UTF-8"?>
<!-- Generated by org.testng.reporters.JUnitReportReporter -->
<testsuite skipped="0" hostname="MAVBCP3140" name="com.maven.aqua.CrossBrowserScript" tests="2" failures="0" timestamp="2021-09-17T16:46:57 IST" time="33.210" errors="0">
  <testcase name="testParameterWithXML" time="17.661" classname="com.maven.aqua.CrossBrowserScript"/>
  <system-out/>
  <testcase name="testParameterWithXML" time="15.549" classname="com.maven.aqua.CrossBrowserScript"/>
  <system-out/>
</testsuite> <!-- com.maven.aqua.CrossBrowserScript -->
