<?xml version="1.0" encoding="UTF-8"?>
<!-- Generated by org.testng.reporters.JUnitReportReporter -->
<testsuite hostname="MAVBCP3140" failures="0" tests="1" name="com.maven.aqua.VerifyLogin" time="29.942" errors="0" timestamp="2021-09-15T15:32:52 IST" skipped="0">
  <testcase classname="com.maven.aqua.VerifyLogin" name="verifyValidLogin" time="29.942"/>
  <system-out/>
</testsuite> <!-- com.maven.aqua.VerifyLogin -->
