<?xml version="1.0" encoding="UTF-8"?>
<!-- Generated by org.testng.reporters.JUnitReportReporter -->
<testsuite skipped="0" hostname="MAVBCP3140" name="com.maven.aqua.VerifyLogin" tests="1" failures="0" timestamp="2021-09-18T15:16:13 IST" time="26.524" errors="0">
  <testcase name="verifyValidLogin" time="26.524" classname="com.maven.aqua.VerifyLogin"/>
  <system-out/>
</testsuite> <!-- com.maven.aqua.VerifyLogin -->
