<?xml version="1.0" encoding="UTF-8"?>
<!-- Generated by org.testng.reporters.JUnitReportReporter -->
<testsuite skipped="0" hostname="MAVBCP3140" name="com.maven.aqua.CrossBrowserScript" tests="1" failures="0" timestamp="2021-09-19T09:19:57 IST" time="117.386" errors="0">
  <testcase name="testParameterWithXML" time="117.386" classname="com.maven.aqua.CrossBrowserScript"/>
  <system-out/>
</testsuite> <!-- com.maven.aqua.CrossBrowserScript -->
