<?xml version="1.0" encoding="UTF-8"?>
<!-- Generated by org.testng.reporters.JUnitReportReporter -->
<testsuite hostname="MAVBCP3140" failures="0" tests="2" name="com.maven.aqua.Browser" time="23.187" errors="0" timestamp="2021-09-15T15:25:23 IST" skipped="0">
  <testcase classname="com.maven.aqua.Browser" name="TestMethod2" time="8.557"/>
  <system-out/>
  <testcase classname="com.maven.aqua.Browser" name="TestMethod" time="14.630"/>
  <system-out/>
</testsuite> <!-- com.maven.aqua.Browser -->
